# JRE version: OpenJDK Runtime Environment (11.0.11+9) (build 11.0.11+9-Ubuntu-0ubuntu2)
# Java VM: OpenJDK 64-Bit Server VM (11.0.11+9-Ubuntu-0ubuntu2, mixed mode, sharing, tiered, compressed oops, g1 gc, linux-amd64)
Heap:
 garbage-first heap   total 155648K, used 76686K [0x0000000085000000, 0x0000000100000000)
  region size 1024K, 55 young (56320K), 8 survivors (8192K)
 Metaspace       used 61424K, capacity 63825K, committed 63952K, reserved 1103872K
  class space    used 8151K, capacity 9099K, committed 9168K, reserved 1048576K
GC Heap History (20 events):
Event: 9.304 GC heap before
{Heap before GC invocations=4 (full 0):
 garbage-first heap   total 129024K, used 82100K [0x0000000085000000, 0x0000000100000000)
  region size 1024K, 74 young (75776K), 3 survivors (3072K)
 Metaspace       used 17429K, capacity 18002K, committed 18176K, reserved 1064960K
  class space    used 2060K, capacity 2271K, committed 2304K, reserved 1048576K
}
Event: 9.313 GC heap after
{Heap after GC invocations=5 (full 0):
 garbage-first heap   total 129024K, used 10538K [0x0000000085000000, 0x0000000100000000)
  region size 1024K, 4 young (4096K), 4 survivors (4096K)
 Metaspace       used 17429K, capacity 18002K, committed 18176K, reserved 1064960K
  class space    used 2060K, capacity 2271K, committed 2304K, reserved 1048576K
}
Event: 10.508 GC heap before
{Heap before GC invocations=5 (full 0):
 garbage-first heap   total 129024K, used 46378K [0x0000000085000000, 0x0000000100000000)
  region size 1024K, 41 young (41984K), 4 survivors (4096K)
 Metaspace       used 20611K, capacity 21200K, committed 21296K, reserved 1069056K
  class space    used 2521K, capacity 2760K, committed 2816K, reserved 1048576K
}
Event: 10.522 GC heap after
{Heap after GC invocations=6 (full 0):
 garbage-first heap   total 129024K, used 11571K [0x0000000085000000, 0x0000000100000000)
  region size 1024K, 5 young (5120K), 5 survivors (5120K)
 Metaspace       used 20611K, capacity 21200K, committed 21296K, reserved 1069056K
  class space    used 2521K, capacity 2760K, committed 2816K, reserved 1048576K
}
Event: 11.488 GC heap before
{Heap before GC invocations=7 (full 0):
 garbage-first heap   total 129024K, used 81203K [0x0000000085000000, 0x0000000100000000)
  region size 1024K, 74 young (75776K), 5 survivors (5120K)
 Metaspace       used 24617K, capacity 25370K, committed 25472K, reserved 1071104K
  class space    used 3073K, capacity 3355K, committed 3456K, reserved 1048576K
}
Event: 11.504 GC heap after
{Heap after GC invocations=8 (full 0):
 garbage-first heap   total 129024K, used 13423K [0x0000000085000000, 0x0000000100000000)
  region size 1024K, 7 young (7168K), 7 survivors (7168K)
 Metaspace       used 24617K, capacity 25370K, committed 25472K, reserved 1071104K
  class space    used 3073K, capacity 3355K, committed 3456K, reserved 1048576K
}
Event: 13.564 GC heap before
{Heap before GC invocations=8 (full 0):
 garbage-first heap   total 129024K, used 82031K [0x0000000085000000, 0x0000000100000000)
  region size 1024K, 74 young (75776K), 7 survivors (7168K)
 Metaspace       used 27690K, capacity 28578K, committed 28672K, reserved 1075200K
  class space    used 3434K, capacity 3760K, committed 3840K, reserved 1048576K
}
Event: 13.593 GC heap after
{Heap after GC invocations=9 (full 0):
 garbage-first heap   total 155648K, used 15020K [0x0000000085000000, 0x0000000100000000)
  region size 1024K, 6 young (6144K), 6 survivors (6144K)
 Metaspace       used 27690K, capacity 28578K, committed 28672K, reserved 1075200K
  class space    used 3434K, capacity 3760K, committed 3840K, reserved 1048576K
}
Event: 16.200 GC heap before
{Heap before GC invocations=9 (full 0):
 garbage-first heap   total 155648K, used 102060K [0x0000000085000000, 0x0000000100000000)
  region size 1024K, 91 young (93184K), 6 survivors (6144K)
 Metaspace       used 34700K, capacity 35765K, committed 35920K, reserved 1081344K
  class space    used 4470K, capacity 4894K, committed 4944K, reserved 1048576K
}
Event: 16.214 GC heap after
{Heap after GC invocations=10 (full 0):
 garbage-first heap   total 155648K, used 17269K [0x0000000085000000, 0x0000000100000000)
  region size 1024K, 8 young (8192K), 8 survivors (8192K)
 Metaspace       used 34700K, capacity 35765K, committed 35920K, reserved 1081344K
  class space    used 4470K, capacity 4894K, committed 4944K, reserved 1048576K
}
Event: 16.233 GC heap before
{Heap before GC invocations=10 (full 0):
 garbage-first heap   total 155648K, used 17269K [0x0000000085000000, 0x0000000100000000)
  region size 1024K, 9 young (9216K), 8 survivors (8192K)
 Metaspace       used 34801K, capacity 35829K, committed 35920K, reserved 1081344K
  class space    used 4483K, capacity 4894K, committed 4944K, reserved 1048576K
}
Event: 16.255 GC heap after
{Heap after GC invocations=11 (full 0):
 garbage-first heap   total 155648K, used 17452K [0x0000000085000000, 0x0000000100000000)
  region size 1024K, 7 young (7168K), 7 survivors (7168K)
 Metaspace       used 34801K, capacity 35829K, committed 35920K, reserved 1081344K
  class space    used 4483K, capacity 4894K, committed 4944K, reserved 1048576K
}
Event: 18.135 GC heap before
{Heap before GC invocations=12 (full 0):
 garbage-first heap   total 155648K, used 86060K [0x0000000085000000, 0x0000000100000000)
  region size 1024K, 74 young (75776K), 7 survivors (7168K)
 Metaspace       used 40859K, capacity 42149K, committed 42320K, reserved 1085440K
  class space    used 5408K, capacity 5937K, committed 5968K, reserved 1048576K
}
Event: 18.162 GC heap after
{Heap after GC invocations=13 (full 0):
 garbage-first heap   total 155648K, used 20287K [0x0000000085000000, 0x0000000100000000)
  region size 1024K, 8 young (8192K), 8 survivors (8192K)
 Metaspace       used 40859K, capacity 42149K, committed 42320K, reserved 1085440K
  class space    used 5408K, capacity 5937K, committed 5968K, reserved 1048576K
}
Event: 20.194 GC heap before
{Heap before GC invocations=13 (full 0):
 garbage-first heap   total 155648K, used 94015K [0x0000000085000000, 0x0000000100000000)
  region size 1024K, 80 young (81920K), 8 survivors (8192K)
 Metaspace       used 46783K, capacity 48457K, committed 48720K, reserved 1091584K
  class space    used 6218K, capacity 6888K, committed 6992K, reserved 1048576K
}
Event: 20.210 GC heap after
{Heap after GC invocations=14 (full 0):
 garbage-first heap   total 155648K, used 23196K [0x0000000085000000, 0x0000000100000000)
  region size 1024K, 9 young (9216K), 9 survivors (9216K)
 Metaspace       used 46783K, capacity 48457K, committed 48720K, reserved 1091584K
  class space    used 6218K, capacity 6888K, committed 6992K, reserved 1048576K
}
Event: 23.489 GC heap before
{Heap before GC invocations=14 (full 0):
 garbage-first heap   total 155648K, used 98972K [0x0000000085000000, 0x0000000100000000)
  region size 1024K, 83 young (84992K), 9 survivors (9216K)
 Metaspace       used 53438K, capacity 55371K, committed 55760K, reserved 1097728K
  class space    used 7081K, capacity 7857K, committed 7888K, reserved 1048576K
}
Event: 23.513 GC heap after
{Heap after GC invocations=15 (full 0):
 garbage-first heap   total 155648K, used 28325K [0x0000000085000000, 0x0000000100000000)
  region size 1024K, 9 young (9216K), 9 survivors (9216K)
 Metaspace       used 53438K, capacity 55371K, committed 55760K, reserved 1097728K
  class space    used 7081K, capacity 7857K, committed 7888K, reserved 1048576K
}
Event: 294.070 GC heap before
{Heap before GC invocations=15 (full 0):
 garbage-first heap   total 155648K, used 83621K [0x0000000085000000, 0x0000000100000000)
  region size 1024K, 65 young (66560K), 9 survivors (9216K)
 Metaspace       used 58113K, capacity 60051K, committed 60240K, reserved 1101824K
  class space    used 7658K, capacity 8435K, committed 8528K, reserved 1048576K
}
Event: 294.096 GC heap after
{Heap after GC invocations=16 (full 0):
 garbage-first heap   total 155648K, used 30606K [0x0000000085000000, 0x0000000100000000)
  region size 1024K, 8 young (8192K), 8 survivors (8192K)
 Metaspace       used 58113K, capacity 60051K, committed 60240K, reserved 1101824K
  class space    used 7658K, capacity 8435K, committed 8528K, reserved 1048576K
}

